GROUP,PACKAGE,CLASS,INSTRUCTION_MISSED,INSTRUCTION_COVERED,BRANCH_MISSED,BRANCH_COVERED,LINE_MISSED,LINE_COVERED,COMPLEXITY_MISSED,COMPLEXITY_COVERED,METHOD_MISSED,METHOD_COVERED
robot-motion,com.coen448.robot,PenState,0,28,0,0,0,3,0,2,0,2
robot-motion,com.coen448.robot,Robot,0,53,0,0,0,21,0,10,0,10
robot-motion,com.coen448.robot,Direction,6,95,3,5,3,19,3,10,0,7
robot-motion,com.coen448.robot,CommandType,0,104,0,0,0,11,0,1,0,1
robot-motion,com.coen448.robot,Floor,0,180,0,26,0,27,0,20,0,7
robot-motion,com.coen448.robot,Command,0,9,0,0,0,1,0,1,0,1
robot-motion,com.coen448.robot,Simulator,17,159,4,10,1,36,4,15,1,11
robot-motion,com.coen448.robot,CommandParser,11,140,2,21,1,27,2,16,0,3
robot-motion,com.coen448.robot,Main,181,0,20,0,43,0,18,0,4,0
